Created by PLY version 3.11 (http://www.dabeaz.com/ply)

Unused terminals:

    AND
    ASIGNAR
    CORDER
    CORIZQ
    DISTINTO
    DIV
    DOSPUNTO
    ENDL
    FOR
    GET
    IGUAL
    MAYORDER
    MAYORIGUAL
    MAYORIZQ
    MENORIGUAL
    MINUSMINUS
    MODULO
    MULT
    NAMESPACE
    NOT
    OR
    PLUSPLUS
    POTENCIA
    RESERVADA
    RESTA
    SI
    SINO
    SUMA
    SYSTEM
    USING
    WHILE

Grammar

Rule 0     S' -> expresion
Rule 1     expresion -> NUMERAL INCLUDE MENORQUE STD IDENTIFICADOR PUNTO IDENTIFICADOR MAYORQUE MAYORQUE
Rule 2     expresion -> INT MAIN PARIZQ VOID PARDER PARDER
Rule 3     expresion -> LLAIZQ LLAIZQ
Rule 4     expresion -> PRINTF PARIZQ COMDOB IDENTIFICADOR IDENTIFICADOR DIVR IDENTIFICADOR COMDOB PARDER PUNTOCOMA PUNTOCOMA
Rule 5     expresion -> RETURN ENTERO PUNTOCOMA PUNTOCOMA
Rule 6     expresion -> LLADER LLADER

Terminals, with rules where they appear

AND                  : 
ASIGNAR              : 
COMDOB               : 4 4
CORDER               : 
CORIZQ               : 
DISTINTO             : 
DIV                  : 
DIVR                 : 4
DOSPUNTO             : 
ENDL                 : 
ENTERO               : 5
FOR                  : 
GET                  : 
IDENTIFICADOR        : 1 1 4 4 4
IGUAL                : 
INCLUDE              : 1
INT                  : 2
LLADER               : 6 6
LLAIZQ               : 3 3
MAIN                 : 2
MAYORDER             : 
MAYORIGUAL           : 
MAYORIZQ             : 
MAYORQUE             : 1 1
MENORIGUAL           : 
MENORQUE             : 1
MINUSMINUS           : 
MODULO               : 
MULT                 : 
NAMESPACE            : 
NOT                  : 
NUMERAL              : 1
OR                   : 
PARDER               : 2 2 4
PARIZQ               : 2 4
PLUSPLUS             : 
POTENCIA             : 
PRINTF               : 4
PUNTO                : 1
PUNTOCOMA            : 4 4 5 5
RESERVADA            : 
RESTA                : 
RETURN               : 5
SI                   : 
SINO                 : 
STD                  : 1
SUMA                 : 
SYSTEM               : 
USING                : 
VOID                 : 2
WHILE                : 
error                : 

Nonterminals, with rules where they appear

expresion            : 0

Parsing method: LALR

state 0

    (0) S' -> . expresion
    (1) expresion -> . NUMERAL INCLUDE MENORQUE STD IDENTIFICADOR PUNTO IDENTIFICADOR MAYORQUE MAYORQUE
    (2) expresion -> . INT MAIN PARIZQ VOID PARDER PARDER
    (3) expresion -> . LLAIZQ LLAIZQ
    (4) expresion -> . PRINTF PARIZQ COMDOB IDENTIFICADOR IDENTIFICADOR DIVR IDENTIFICADOR COMDOB PARDER PUNTOCOMA PUNTOCOMA
    (5) expresion -> . RETURN ENTERO PUNTOCOMA PUNTOCOMA
    (6) expresion -> . LLADER LLADER

    NUMERAL         shift and go to state 2
    INT             shift and go to state 3
    LLAIZQ          shift and go to state 4
    PRINTF          shift and go to state 5
    RETURN          shift and go to state 6
    LLADER          shift and go to state 7

    expresion                      shift and go to state 1

state 1

    (0) S' -> expresion .



state 2

    (1) expresion -> NUMERAL . INCLUDE MENORQUE STD IDENTIFICADOR PUNTO IDENTIFICADOR MAYORQUE MAYORQUE

    INCLUDE         shift and go to state 8


state 3

    (2) expresion -> INT . MAIN PARIZQ VOID PARDER PARDER

    MAIN            shift and go to state 9


state 4

    (3) expresion -> LLAIZQ . LLAIZQ

    LLAIZQ          shift and go to state 10


state 5

    (4) expresion -> PRINTF . PARIZQ COMDOB IDENTIFICADOR IDENTIFICADOR DIVR IDENTIFICADOR COMDOB PARDER PUNTOCOMA PUNTOCOMA

    PARIZQ          shift and go to state 11


state 6

    (5) expresion -> RETURN . ENTERO PUNTOCOMA PUNTOCOMA

    ENTERO          shift and go to state 12


state 7

    (6) expresion -> LLADER . LLADER

    LLADER          shift and go to state 13


state 8

    (1) expresion -> NUMERAL INCLUDE . MENORQUE STD IDENTIFICADOR PUNTO IDENTIFICADOR MAYORQUE MAYORQUE

    MENORQUE        shift and go to state 14


state 9

    (2) expresion -> INT MAIN . PARIZQ VOID PARDER PARDER

    PARIZQ          shift and go to state 15


state 10

    (3) expresion -> LLAIZQ LLAIZQ .

    $end            reduce using rule 3 (expresion -> LLAIZQ LLAIZQ .)


state 11

    (4) expresion -> PRINTF PARIZQ . COMDOB IDENTIFICADOR IDENTIFICADOR DIVR IDENTIFICADOR COMDOB PARDER PUNTOCOMA PUNTOCOMA

    COMDOB          shift and go to state 16


state 12

    (5) expresion -> RETURN ENTERO . PUNTOCOMA PUNTOCOMA

    PUNTOCOMA       shift and go to state 17


state 13

    (6) expresion -> LLADER LLADER .

    $end            reduce using rule 6 (expresion -> LLADER LLADER .)


state 14

    (1) expresion -> NUMERAL INCLUDE MENORQUE . STD IDENTIFICADOR PUNTO IDENTIFICADOR MAYORQUE MAYORQUE

    STD             shift and go to state 18


state 15

    (2) expresion -> INT MAIN PARIZQ . VOID PARDER PARDER

    VOID            shift and go to state 19


state 16

    (4) expresion -> PRINTF PARIZQ COMDOB . IDENTIFICADOR IDENTIFICADOR DIVR IDENTIFICADOR COMDOB PARDER PUNTOCOMA PUNTOCOMA

    IDENTIFICADOR   shift and go to state 20


state 17

    (5) expresion -> RETURN ENTERO PUNTOCOMA . PUNTOCOMA

    PUNTOCOMA       shift and go to state 21


state 18

    (1) expresion -> NUMERAL INCLUDE MENORQUE STD . IDENTIFICADOR PUNTO IDENTIFICADOR MAYORQUE MAYORQUE

    IDENTIFICADOR   shift and go to state 22


state 19

    (2) expresion -> INT MAIN PARIZQ VOID . PARDER PARDER

    PARDER          shift and go to state 23


state 20

    (4) expresion -> PRINTF PARIZQ COMDOB IDENTIFICADOR . IDENTIFICADOR DIVR IDENTIFICADOR COMDOB PARDER PUNTOCOMA PUNTOCOMA

    IDENTIFICADOR   shift and go to state 24


state 21

    (5) expresion -> RETURN ENTERO PUNTOCOMA PUNTOCOMA .

    $end            reduce using rule 5 (expresion -> RETURN ENTERO PUNTOCOMA PUNTOCOMA .)


state 22

    (1) expresion -> NUMERAL INCLUDE MENORQUE STD IDENTIFICADOR . PUNTO IDENTIFICADOR MAYORQUE MAYORQUE

    PUNTO           shift and go to state 25


state 23

    (2) expresion -> INT MAIN PARIZQ VOID PARDER . PARDER

    PARDER          shift and go to state 26


state 24

    (4) expresion -> PRINTF PARIZQ COMDOB IDENTIFICADOR IDENTIFICADOR . DIVR IDENTIFICADOR COMDOB PARDER PUNTOCOMA PUNTOCOMA

    DIVR            shift and go to state 27


state 25

    (1) expresion -> NUMERAL INCLUDE MENORQUE STD IDENTIFICADOR PUNTO . IDENTIFICADOR MAYORQUE MAYORQUE

    IDENTIFICADOR   shift and go to state 28


state 26

    (2) expresion -> INT MAIN PARIZQ VOID PARDER PARDER .

    $end            reduce using rule 2 (expresion -> INT MAIN PARIZQ VOID PARDER PARDER .)


state 27

    (4) expresion -> PRINTF PARIZQ COMDOB IDENTIFICADOR IDENTIFICADOR DIVR . IDENTIFICADOR COMDOB PARDER PUNTOCOMA PUNTOCOMA

    IDENTIFICADOR   shift and go to state 29


state 28

    (1) expresion -> NUMERAL INCLUDE MENORQUE STD IDENTIFICADOR PUNTO IDENTIFICADOR . MAYORQUE MAYORQUE

    MAYORQUE        shift and go to state 30


state 29

    (4) expresion -> PRINTF PARIZQ COMDOB IDENTIFICADOR IDENTIFICADOR DIVR IDENTIFICADOR . COMDOB PARDER PUNTOCOMA PUNTOCOMA

    COMDOB          shift and go to state 31


state 30

    (1) expresion -> NUMERAL INCLUDE MENORQUE STD IDENTIFICADOR PUNTO IDENTIFICADOR MAYORQUE . MAYORQUE

    MAYORQUE        shift and go to state 32


state 31

    (4) expresion -> PRINTF PARIZQ COMDOB IDENTIFICADOR IDENTIFICADOR DIVR IDENTIFICADOR COMDOB . PARDER PUNTOCOMA PUNTOCOMA

    PARDER          shift and go to state 33


state 32

    (1) expresion -> NUMERAL INCLUDE MENORQUE STD IDENTIFICADOR PUNTO IDENTIFICADOR MAYORQUE MAYORQUE .

    $end            reduce using rule 1 (expresion -> NUMERAL INCLUDE MENORQUE STD IDENTIFICADOR PUNTO IDENTIFICADOR MAYORQUE MAYORQUE .)


state 33

    (4) expresion -> PRINTF PARIZQ COMDOB IDENTIFICADOR IDENTIFICADOR DIVR IDENTIFICADOR COMDOB PARDER . PUNTOCOMA PUNTOCOMA

    PUNTOCOMA       shift and go to state 34


state 34

    (4) expresion -> PRINTF PARIZQ COMDOB IDENTIFICADOR IDENTIFICADOR DIVR IDENTIFICADOR COMDOB PARDER PUNTOCOMA . PUNTOCOMA

    PUNTOCOMA       shift and go to state 35


state 35

    (4) expresion -> PRINTF PARIZQ COMDOB IDENTIFICADOR IDENTIFICADOR DIVR IDENTIFICADOR COMDOB PARDER PUNTOCOMA PUNTOCOMA .

    $end            reduce using rule 4 (expresion -> PRINTF PARIZQ COMDOB IDENTIFICADOR IDENTIFICADOR DIVR IDENTIFICADOR COMDOB PARDER PUNTOCOMA PUNTOCOMA .)

